<?xml version="1.0" encoding="UTF-8"?>
<!-- Generated by org.testng.reporters.JUnitReportReporter -->
<testsuite hostname="krahul-lp" failures="0" tests="1" name="Streams" time="0.010" errors="0" timestamp="2023-07-31T17:33:05 IST" skipped="0">
  <testcase classname="Streams" name="streamMap" time="0.010"/>
  <system-out/>
</testsuite> <!-- Streams -->
